<?xml version="1.0" encoding="UTF-8"?>
<testsuites name="Coherense Test Suite" time="10" tests="1" failures="0" errors="0">
   <testsuite name="Coherense Test Suite" tests="1" failures="0" errors="0" time="10" timestamp="2019-03-29 15:20:34" hostname="LPT-FA4722$ - LPT-FA4722.europe.corp.altran.com" id="Test Suites/Coherense Project/Coherense Test Suite">
      <properties>
         <property name="deviceName" value=""/>
         <property name="devicePlatform" value=""/>
         <property name="logFolder" value="C:\\Users\\rramalho\\git\\Cohrense\\Reports\\Coherense Project\\Coherense Test Suite\\20190329_152022"/>
         <property name="logFiles" value="C:\\Users\\rramalho\\git\\Cohrense\\Reports\\Coherense Project\\Coherense Test Suite\\20190329_152022\\execution0.log"/>
         <property name="attachments" value=""/>
         <property name="hostName" value="LPT-FA4722$ - LPT-FA4722.europe.corp.altran.com"/>
         <property name="os" value="Windows 10 64bit"/>
         <property name="katalonVersion" value="6.1.0.1"/>
         <property name="browser" value="Chrome 73.0.3683.86"/>
         <property name="hostAddress" value="192.168.56.1"/>
         <property name="sessionId" value="7e0069c42d4e5bd43e87b6e3c0889c5b"/>
         <property name="seleniumVersion" value="3.7.1"/>
         <property name="proxyInformation" value="ProxyInformation{proxyOption=NO_PROXY, proxyServerType=HTTP, password=, proxyServerAddress=, proxyServerPort=0}"/>
         <property name="platform" value="Windows 10"/>
      </properties>
      <testcase name="Test Cases/Login Coherense" classname="Test Cases/Login Coherense" status="PASSED">
         <system-out><![CDATA[2019-03-29 15:20:35 - [TEST_CASE][PASSED] - Test Cases/Login Coherense: Test Cases/Login Coherense

2019-03-29 15:20:36 - [TEST_STEP][PASSED] - openBrowser(""): Browser is opened with url: ''

2019-03-29 15:20:36 - [MESSAGE][INFO] - Starting 'Chrome' driver

2019-03-29 15:20:36 - [MESSAGE][INFO] - Action delay is set to 0 seconds

2019-03-29 15:20:41 - [MESSAGE][PASSED] - Browser is opened with url: ''

2019-03-29 15:20:41 - [TEST_STEP][PASSED] - navigateToUrl("http://10.12.67.34:8080/login"): Navigate to 'http://10.12.67.34:8080/login' successfully

2019-03-29 15:20:42 - [MESSAGE][PASSED] - Navigate to 'http://10.12.67.34:8080/login' successfully

2019-03-29 15:20:42 - [TEST_STEP][PASSED] - setText(findTestObject("Object Repository/Coherense Repository/Page_CoherenSE Login/input_Username_username"), "Leader"): Text 'Leader' is set on object 'Object Repository/Coherense Repository/Page_CoherenSE Login/input_Username_username'

2019-03-29 15:20:42 - [MESSAGE][PASSED] - Text 'Leader' is set on object 'Object Repository/Coherense Repository/Page_CoherenSE Login/input_Username_username'

2019-03-29 15:20:42 - [TEST_STEP][PASSED] - click(findTestObject("Object Repository/Coherense Repository/Page_CoherenSE Login/button_Log in")): Object: 'Object Repository/Coherense Repository/Page_CoherenSE Login/button_Log in' is clicked on

2019-03-29 15:20:42 - [MESSAGE][PASSED] - Object: 'Object Repository/Coherense Repository/Page_CoherenSE Login/button_Log in' is clicked on

2019-03-29 15:20:42 - [TEST_STEP][PASSED] - click(findTestObject("Object Repository/Coherense Repository/Page_CoherenSE/span_Help_icons cse-icon-logout")): Object: 'Object Repository/Coherense Repository/Page_CoherenSE/span_Help_icons cse-icon-logout' is clicked on

2019-03-29 15:20:43 - [MESSAGE][PASSED] - Object: 'Object Repository/Coherense Repository/Page_CoherenSE/span_Help_icons cse-icon-logout' is clicked on

2019-03-29 15:20:43 - [TEST_STEP][PASSED] - closeBrowser(): Browser is closed

2019-03-29 15:20:44 - [MESSAGE][PASSED] - Browser is closed]]></system-out>
         <system-err><![CDATA[]]></system-err>
      </testcase>
      <system-out><![CDATA[2019-03-29 15:20:34 - [TEST_SUITE][PASSED] - Coherense Test Suite: Test Cases/Login Coherense]]></system-out>
      <system-err><![CDATA[]]></system-err>
   </testsuite>
</testsuites>
